<?xml version="1.0" encoding="UTF-8"?>
<testng-results ignored="0" total="1" passed="1" failed="0" skipped="0">
  <reporter-output>
  </reporter-output>
  <suite started-at="2025-04-21T06:16:59Z" name="Default suite" finished-at="2025-04-21T06:17:01Z" duration-ms="2194">
    <groups>
      <group name="cucumber">
        <method signature="AbstractTestNGCucumberTests.runScenario(cucumber.api.testng.PickleEventWrapper, cucumber.api.testng.CucumberFeatureWrapper)[pri:0, instance:cucumberFramework.TestRunner.TestRunner@7a220c9a]" name="runScenario" class="cucumber.api.testng.AbstractTestNGCucumberTests"/>
      </group> <!-- cucumber -->
    </groups>
    <test started-at="2025-04-21T06:16:59Z" name="Default test" finished-at="2025-04-21T06:17:01Z" duration-ms="2194">
      <class name="cucumberFramework.TestRunner.TestRunner">
        <test-method is-config="true" signature="setUpClass()[pri:0, instance:cucumberFramework.TestRunner.TestRunner@7a220c9a]" started-at="2025-04-21T06:16:59Z" name="setUpClass" finished-at="2025-04-21T06:16:59Z" duration-ms="87" status="PASS">
          <reporter-output>
          </reporter-output>
        </test-method> <!-- setUpClass -->
        <test-method signature="runScenario(cucumber.api.testng.PickleEventWrapper, cucumber.api.testng.CucumberFeatureWrapper)[pri:0, instance:cucumberFramework.TestRunner.TestRunner@7a220c9a]" started-at="2025-04-21T06:16:59Z" name="runScenario" description="Runs Cucumber Scenarios" data-provider="scenarios" finished-at="2025-04-21T06:17:01Z" duration-ms="2070" status="PASS">
          <params>
            <param index="0">
              <value>
                <![CDATA["Verify if place is being successfully added using AddPlaceAPI"]]>
              </value>
            </param>
            <param index="1">
              <value>
                <![CDATA["Validating the Place API"]]>
              </value>
            </param>
          </params>
          <reporter-output>
          </reporter-output>
        </test-method> <!-- runScenario -->
        <test-method is-config="true" signature="tearDownClass()[pri:0, instance:cucumberFramework.TestRunner.TestRunner@7a220c9a]" started-at="2025-04-21T06:17:01Z" name="tearDownClass" finished-at="2025-04-21T06:17:01Z" duration-ms="3" status="PASS">
          <reporter-output>
          </reporter-output>
        </test-method> <!-- tearDownClass -->
      </class> <!-- cucumberFramework.TestRunner.TestRunner -->
    </test> <!-- Default test -->
  </suite> <!-- Default suite -->
</testng-results>
