<?xml version="1.0" encoding="UTF-8"?>
<!-- Generated by org.testng.reporters.JUnitXMLReporter -->
<testsuite ignored="0" hostname="LTIN589889" failures="0" tests="5" name="Default test" time="2.989" errors="0" timestamp="17 Apr 2025 10:04:54 GMT">
  <testcase classname="E2EAPIFlow.LoginRS" name="loginToApplication" time="1.934"/>
  <testcase classname="E2EAPIFlow.LoginRS" name="createProduct" time="0.325"/>
  <testcase classname="E2EAPIFlow.LoginRS" name="createOrder" time="0.249"/>
  <testcase classname="E2EAPIFlow.LoginRS" name="viewOrderdetails" time="0.24"/>
  <testcase classname="E2EAPIFlow.LoginRS" name="deleteProduct" time="0.22"/>
</testsuite> <!-- Default test -->
